<?xml version="1.0" encoding="utf-8"?><testsuites name="pytest tests"><testsuite name="pytest" errors="0" failures="1" skipped="0" tests="5" time="2.118" timestamp="2026-05-06T22:29:57.813811+00:00" hostname="agent-env-35cd2a94-9a2d-4570-b0e7-05e04a5bcd90"><testcase classname="backend.tests.test_arrow_escape.TestProducts" name="test_list_products_returns_two" time="0.397" /><testcase classname="backend.tests.test_arrow_escape.TestCheckout" name="test_create_checkout_remove_ads" time="0.968" /><testcase classname="backend.tests.test_arrow_escape.TestCheckout" name="test_create_checkout_invalid_product" time="0.071" /><testcase classname="backend.tests.test_arrow_escape.TestCheckout" name="test_status_for_created_session" time="0.265"><failure message="AssertionError: Internal Server Error&#10;assert 500 == 200&#10; +  where 500 = &lt;Response [500]&gt;.status_code">backend/tests/test_arrow_escape.py:66: in test_status_for_created_session
    assert r.status_code == 200, r.text
E   AssertionError: Internal Server Error
E   assert 500 == 200
E    +  where 500 = &lt;Response [500]&gt;.status_code</failure></testcase><testcase classname="backend.tests.test_arrow_escape.TestCheckout" name="test_status_non_existent" time="0.076" /></testsuite></testsuites>